<?xml version="1.0" encoding="UTF-8"?>
<testExecutions version="1">
  <file path="/Users/imac20/Desktop/WebMotorsFrontEnd/src/__tests__/Components/SearchBar/DynamicLabels.test.js">
    <testCase name="DynamicLabels Component should text &quot;Label Marca&quot; in Header" duration="40"/>
    <testCase name="DynamicLabels Component should change &quot;Label Model&quot;" duration="7"/>
    <testCase name="DynamicLabels Component should change &quot;Label Version&quot;" duration="4"/>
  </file>
  <file path="/Users/imac20/Desktop/WebMotorsFrontEnd/src/__tests__/Components/SearchBar/Header.test.js">
    <testCase name="Header Component should text &quot;carros&quot; in Header" duration="55"/>
    <testCase name="Header Component should text &quot;vender meu carro&quot; in Header" duration="5"/>
    <testCase name="Header Component should has class active" duration="13"/>
    <testCase name="Header Component should has class active" duration="5"/>
  </file>
  <file path="/Users/imac20/Desktop/WebMotorsFrontEnd/src/__tests__/App.test.js">
    <testCase name="App Component renders app component" duration="137"/>
  </file>
</testExecutions>